\BOOKMARK [1][-]{section.1}{Proposal}{}% 1
\BOOKMARK [2][-]{subsection.1.1}{Survey}{section.1}% 2
\BOOKMARK [2][-]{subsection.1.2}{System}{section.1}% 3
\BOOKMARK [2][-]{subsection.1.3}{Application Description}{section.1}% 4
\BOOKMARK [2][-]{subsection.1.4}{Roadmap}{section.1}% 5
\BOOKMARK [1][-]{section.2}{Implementation}{}% 6
\BOOKMARK [2][-]{subsection.2.1}{Resources}{section.2}% 7
\BOOKMARK [2][-]{subsection.2.2}{Setup}{section.2}% 8
\BOOKMARK [3][-]{subsubsection.2.2.1}{General Setup}{subsection.2.2}% 9
\BOOKMARK [3][-]{subsubsection.2.2.2}{Security Setup}{subsection.2.2}% 10
\BOOKMARK [3][-]{subsubsection.2.2.3}{MongoDB Setup}{subsection.2.2}% 11
\BOOKMARK [3][-]{subsubsection.2.2.4}{REST-Service Setup}{subsection.2.2}% 12
\BOOKMARK [3][-]{subsubsection.2.2.5}{Android Setup}{subsection.2.2}% 13
\BOOKMARK [2][-]{subsection.2.3}{Datasets}{section.2}% 14
\BOOKMARK [3][-]{subsubsection.2.3.1}{Generation}{subsection.2.3}% 15
\BOOKMARK [3][-]{subsubsection.2.3.2}{Import}{subsection.2.3}% 16
\BOOKMARK [2][-]{subsection.2.4}{Implementation}{section.2}% 17
\BOOKMARK [3][-]{subsubsection.2.4.1}{REST-Service}{subsection.2.4}% 18
\BOOKMARK [3][-]{subsubsection.2.4.2}{Android Application}{subsection.2.4}% 19
\BOOKMARK [3][-]{subsubsection.2.4.3}{Key System Features}{subsection.2.4}% 20
\BOOKMARK [2][-]{subsection.2.5}{Problems Encountered}{section.2}% 21
\BOOKMARK [2][-]{subsection.2.6}{Alternative Implementation}{section.2}% 22
\BOOKMARK [1][-]{appendix.A}{REST-Service}{}% 23
